22:12:06.447 [main] INFO  testCases.TC002_AccountLoginTest - ***** finished TC002_AccountRegistrationTest execution **********
}22:45:56.312 [main] DEBUG org.testng.TestNG - suiteXmlPath: "C:\Users\lenovo\eclipse-workspace\NewFrameworkProject\Master.xml"
}22:46:00.019 [main] INFO  testCases.TC001_AccountRegistrationTest - **************   Starting TC001_AccountRegistrationTest execution **********
}22:46:01.021 [main] INFO  testCases.TC001_AccountRegistrationTest - *** Clicked on Myaccount ***
}22:46:01.514 [main] INFO  testCases.TC001_AccountRegistrationTest - ** Clicked on Register **
}22:46:01.519 [main] INFO  testCases.TC001_AccountRegistrationTest - ** providing customer details ------
}22:46:07.122 [main] INFO  testCases.TC001_AccountRegistrationTest - Validating confiramation message ------
}22:46:11.203 [main] INFO  testCases.TC001_AccountRegistrationTest - Test passed
}22:46:11.206 [main] INFO  testCases.TC001_AccountRegistrationTest - ***** finished TC001_AccountRegistrationTest execution **********
}22:46:13.677 [main] INFO  testCases.TC002_AccountLoginTest - **************   Starting TC002_AccountRegistrationTest execution **********
}22:46:15.779 [main] INFO  testCases.TC002_AccountLoginTest - *** Verifying My Account is exist or not ****
}22:46:15.862 [main] INFO  testCases.TC002_AccountLoginTest - ***** finished TC002_AccountRegistrationTest execution **********
}22:46:30.647 [main] DEBUG org.testng.TestNG - suiteXmlPath: "C:\Users\lenovo\eclipse-workspace\NewFrameworkProject\Master.xml"
}22:46:34.173 [main] INFO  testCases.TC001_AccountRegistrationTest - **************   Starting TC001_AccountRegistrationTest execution **********
}22:46:35.039 [main] INFO  testCases.TC001_AccountRegistrationTest - *** Clicked on Myaccount ***
}22:46:35.495 [main] INFO  testCases.TC001_AccountRegistrationTest - ** Clicked on Register **
}22:46:35.502 [main] INFO  testCases.TC001_AccountRegistrationTest - ** providing customer details ------
}22:46:41.114 [main] INFO  testCases.TC001_AccountRegistrationTest - Validating confiramation message ------
}22:46:45.169 [main] INFO  testCases.TC001_AccountRegistrationTest - Test passed
}22:46:45.171 [main] INFO  testCases.TC001_AccountRegistrationTest - ***** finished TC001_AccountRegistrationTest execution **********
}22:46:49.252 [main] INFO  testCases.TC002_AccountLoginTest - **************   Starting TC002_AccountRegistrationTest execution **********
}22:46:51.498 [main] INFO  testCases.TC002_AccountLoginTest - *** Verifying My Account is exist or not ****
}22:46:51.563 [main] INFO  testCases.TC002_AccountLoginTest - ***** finished TC002_AccountRegistrationTest execution **********
}19:19:41.384 [main] DEBUG org.testng.TestNG - suiteXmlPath: "C:\Users\lenovo\eclipse-workspace\NewFrameworkProject\Master.xml"
}19:19:45.966 [main] INFO  testCases.TC001_AccountRegistrationTest - **************   Starting TC001_AccountRegistrationTest execution **********
}19:19:46.844 [main] INFO  testCases.TC001_AccountRegistrationTest - *** Clicked on Myaccount ***
}19:19:51.388 [main] INFO  testCases.TC001_AccountRegistrationTest - ** Clicked on Register **
}19:19:51.395 [main] INFO  testCases.TC001_AccountRegistrationTest - ** providing customer details ------
}19:19:56.919 [main] INFO  testCases.TC001_AccountRegistrationTest - Validating confiramation message ------
}19:20:00.989 [main] INFO  testCases.TC001_AccountRegistrationTest - Test passed
}19:20:00.993 [main] INFO  testCases.TC001_AccountRegistrationTest - ***** finished TC001_AccountRegistrationTest execution **********
}19:20:04.015 [main] INFO  testCases.TC002_AccountLoginTest - **************   Starting TC002_AccountRegistrationTest execution **********
}19:20:06.184 [main] INFO  testCases.TC002_AccountLoginTest - *** Verifying My Account is exist or not ****
}19:20:06.241 [main] INFO  testCases.TC002_AccountLoginTest - ***** finished TC002_AccountRegistrationTest execution **********
}